[BUG]: out of license

## Command Line
/home/nayan-ai4m/.local/bin/pyarmor gen -O /home/nayan-ai4m/Desktop/ai4m/HUL_GSM_App/HUL-Laminate-UI/dist -r --exclude */.venv/** --exclude */__pycache__/** /home/nayan-ai4m/Desktop/ai4m/HUL_GSM_App/HUL-Laminate-UI

## Environments
Python 3.12.3
Pyarmor 9.2.2 (trial), 000000, non-profits
Platform linux.x86_64
Native linux.x86_64
Home /home/nayan-ai4m/.pyarmor

## Traceback
Traceback (most recent call last):
  File "/home/nayan-ai4m/.local/lib/python3.12/site-packages/pyarmor/cli/__main__.py", line 796, in main
    main_entry(sys.argv[1:])
  File "/home/nayan-ai4m/.local/lib/python3.12/site-packages/pyarmor/cli/__main__.py", line 789, in main_entry
    return args.func(ctx, args)
           ^^^^^^^^^^^^^^^^^^^^
  File "/home/nayan-ai4m/.local/lib/python3.12/site-packages/pyarmor/cli/__main__.py", line 248, in cmd_gen
    builder.process(options)
  File "/home/nayan-ai4m/.local/lib/python3.12/site-packages/pyarmor/cli/generate.py", line 188, in process
    self._obfuscate_scripts()
  File "/home/nayan-ai4m/.local/lib/python3.12/site-packages/pyarmor/cli/generate.py", line 144, in _obfuscate_scripts
    code = Pytransform3.generate_obfuscated_script(self.ctx, r)
           ^^^^^^^^^^^^^^^^^^^^^^^^^^^^^^^^^^^^^^^^^^^^^^^^^^^^
  File "/home/nayan-ai4m/.local/lib/python3.12/site-packages/pyarmor/cli/core/__init__.py", line 95, in generate_obfuscated_script
    return m.generate_obfuscated_script(ctx, res)
           ^^^^^^^^^^^^^^^^^^^^^^^^^^^^^^^^^^^^^^
  File "<maker>", line 728, in generate_obfuscated_script
  File "/home/nayan-ai4m/.local/lib/python3.12/site-packages/pyarmor/cli/__init__.py", line 16, in process
    return meth(self, res, *args, **kwargs)
           ^^^^^^^^^^^^^^^^^^^^^^^^^^^^^^^^
  File "<maker>", line 553, in process
  File "<maker>", line 559, in coserialize
  File "<maker>", line 609, in _build_ast_body
RuntimeError: out of license


